epoch,accuracy,loss,val_accuracy,val_loss
0,0.5469070672988892,1.0366520881652832,0.5350633859634399,0.7822818160057068
1,0.5580114722251892,0.7668666839599609,0.5108026266098022,0.9203710556030273
2,0.5644689202308655,0.7582895755767822,0.5569100975990295,0.765980064868927
3,0.5637748837471008,0.7532441020011902,0.5192516446113586,0.7762251496315002
4,0.5605461597442627,0.7504794001579285,0.5669282078742981,0.749932587146759
5,0.5608177185058594,0.7455988526344299,0.5612552762031555,0.7414690852165222
6,0.5647555589675903,0.7386253476142883,0.5515992641448975,0.741129994392395
7,0.5613307356834412,0.7359595894813538,0.5602896809577942,0.7504438757896423
8,0.5615268349647522,0.7328051328659058,0.5577549934387207,0.7303491830825806
9,0.5574381351470947,0.7324585914611816,0.5617380738258362,0.7580940127372742
10,0.5570157170295715,0.7283484935760498,0.5643934607505798,0.7393614053726196
11,0.5617984533309937,0.723082959651947,0.5095956325531006,0.9949777722358704
12,0.558931827545166,0.7236459255218506,0.5362703800201416,0.7380487322807312
13,0.5603953003883362,0.7183715105056763,0.5101991295814514,0.9128279685974121
14,0.5667018890380859,0.7128550410270691,0.5598068833351135,0.7191833257675171
15,0.565872073173523,0.7127293944358826,0.5518406629562378,0.7168571949005127
16,0.5617380738258362,0.7133532166481018,0.5624622702598572,0.721510112285614
17,0.5671997666358948,0.7098348140716553,0.5680145025253296,0.7084236741065979
18,0.5680446624755859,0.707676887512207,0.5635485649108887,0.7087795734405518
19,0.565872073173523,0.7068849205970764,0.5634278655052185,0.7128076553344727
20,0.5663397908210754,0.7060642838478088,0.5584791898727417,0.7060853242874146
21,0.5671393871307373,0.7052935361862183,0.5662040114402771,0.709208071231842
22,0.5650271773338318,0.7050514221191406,0.5671696066856384,0.7111982703208923
23,0.5616324543952942,0.7055492997169495,0.5567893981933594,0.7218451499938965
24,0.5661587119102478,0.7024778723716736,0.5104405283927917,0.7575496435165405
25,0.5682106018066406,0.700113832950592,0.5622208714485168,0.7076279520988464
26,0.5664302706718445,0.6993444561958313,0.5691007971763611,0.6987480521202087
27,0.5679239630699158,0.6987497806549072,0.5582377910614014,0.7035191059112549
28,0.5675467848777771,0.6986485123634338,0.5693421959877014,0.7001902461051941
29,0.5686783194541931,0.6977213025093079,0.5683766007423401,0.6970328688621521
30,0.5695382952690125,0.697206974029541,0.5656004548072815,0.696158766746521
31,0.5671997666358948,0.6966670751571655,0.5710319876670837,0.7033519744873047
32,0.5699607729911804,0.6960707306861877,0.565238356590271,0.7046000361442566
33,0.5687537789344788,0.6955488920211792,0.5593240857124329,0.6982516646385193
34,0.5683766007423401,0.694744348526001,0.5635485649108887,0.7077590823173523
35,0.5691913366317749,0.6941478252410889,0.5694628953933716,0.6937466263771057
36,0.5694025158882141,0.6935214996337891,0.5680145025253296,0.6957810521125793
37,0.5688443183898926,0.6931890845298767,0.5589619874954224,0.7032293677330017
38,0.5667622089385986,0.6942514181137085,0.5511164665222168,0.7004051208496094
39,0.5698551535606384,0.6922332048416138,0.5402534604072571,0.703018069267273
40,0.5682860612869263,0.6927233934402466,0.5653590559959412,0.6959747076034546
41,0.5706397294998169,0.690904974937439,0.565238356590271,0.6924219727516174
42,0.5695534348487854,0.690766453742981,0.5678938031196594,0.6922279000282288
43,0.5700210928916931,0.6909701824188232,0.5709112882614136,0.6908562779426575
44,0.5705944299697876,0.690460741519928,0.5612552762031555,0.6939881443977356
45,0.5692214965820312,0.6901792883872986,0.5576342940330505,0.6934069991111755
46,0.5706397294998169,0.689376711845398,0.5703077912330627,0.6890636086463928
47,0.5707302093505859,0.6890389919281006,0.5663247108459473,0.6951617002487183
48,0.5702474117279053,0.6889053583145142,0.5721182823181152,0.689217746257782
49,0.5709867477416992,0.6886513233184814,0.5682559013366699,0.688940167427063
50,0.5708056688308716,0.6884750127792358,0.5611345767974854,0.6907554864883423
51,0.5719674229621887,0.6885942816734314,0.5642727613449097,0.6902332305908203
52,0.5702021718025208,0.6887233853340149,0.5686179995536804,0.6891348361968994
53,0.570866048336029,0.6881923675537109,0.5684973001480103,0.6931806802749634
54,0.5702474117279053,0.6874902844429016,0.5429088473320007,0.6957800984382629
55,0.57159024477005,0.687049925327301,0.5651176571846008,0.6893421411514282
56,0.57159024477005,0.6872895956039429,0.5649969577789307,0.689219057559967
57,0.5731593370437622,0.6866652965545654,0.5727217793464661,0.687739908695221
58,0.5725859999656677,0.6863806247711182,0.5713940858840942,0.6874375939369202
59,0.5714544653892517,0.6865286231040955,0.5705491900444031,0.6868731379508972
60,0.5726765394210815,0.6861308813095093,0.5653590559959412,0.687713623046875
61,0.5716505646705627,0.6860854625701904,0.5704284906387329,0.6874739527702332
62,0.5718316435813904,0.6858144998550415,0.5686179995536804,0.6878736019134521
63,0.5709112882614136,0.6856715679168701,0.5707905888557434,0.6863111257553101
64,0.5728726387023926,0.6856642365455627,0.5643934607505798,0.6901711225509644
65,0.5721182823181152,0.685596764087677,0.5684973001480103,0.6864808201789856
66,0.5722540616989136,0.6860820651054382,0.5663247108459473,0.6885448694229126
67,0.5727972388267517,0.6853771805763245,0.5698249936103821,0.6875085830688477
68,0.5721484422683716,0.6849529147148132,0.5680145025253296,0.6880115866661072
69,0.573974072933197,0.6846151947975159,0.5722389817237854,0.6863613128662109
70,0.5730084776878357,0.6844323873519897,0.5716354846954346,0.6867112517356873
71,0.5737024545669556,0.6844644546508789,0.5672903060913086,0.6872221827507019
72,0.5714393258094788,0.6845220923423767,0.5683766007423401,0.6862265467643738
73,0.5737175345420837,0.6841741800308228,0.5707905888557434,0.685486376285553
74,0.5729028582572937,0.684069037437439,0.5716354846954346,0.6854690909385681
75,0.5738986134529114,0.6840031147003174,0.5689800977706909,0.6857504844665527
76,0.5737024545669556,0.683997631072998,0.5712733864784241,0.6851572394371033
77,0.5741249322891235,0.6838022470474243,0.5713940858840942,0.6855584383010864
78,0.57480388879776,0.6836983561515808,0.5728424787521362,0.6859769821166992
79,0.5734007358551025,0.6837507486343384,0.5732045769691467,0.6855915188789368
80,0.5732951164245605,0.6834909915924072,0.5671696066856384,0.686244785785675
81,0.5726765394210815,0.683451771736145,0.5694628953933716,0.6848108172416687
82,0.5721333622932434,0.6834635138511658,0.5709112882614136,0.6870251893997192
83,0.5727217793464661,0.6831931471824646,0.5589619874954224,0.6894747614860535
84,0.5737477540969849,0.6830399036407471,0.5699456930160522,0.6854535937309265
85,0.5727217793464661,0.6831278204917908,0.5706698894500732,0.6853552460670471
86,0.5724351406097412,0.6827473640441895,0.5707905888557434,0.6848590970039368
87,0.5754375457763672,0.6824032664299011,0.5715147852897644,0.6850090622901917
88,0.5733403563499451,0.6822153329849243,0.5717561841011047,0.6845114827156067
89,0.5754375457763672,0.6823160648345947,0.5691007971763611,0.6842344999313354
90,0.5738231539726257,0.682129979133606,0.5724803805351257,0.6843118667602539
91,0.5739136934280396,0.6821451187133789,0.5682559013366699,0.6843869686126709
92,0.5741701722145081,0.6821652054786682,0.5717561841011047,0.6841046214103699
93,0.5738533735275269,0.6818076372146606,0.5700663924217224,0.6856685876846313
94,0.5736119747161865,0.6819326281547546,0.5704284906387329,0.6849896907806396
95,0.5741550922393799,0.681888222694397,0.5719975829124451,0.6845503449440002
96,0.5738382339477539,0.6818445920944214,0.5721182823181152,0.6837353110313416
97,0.5749245882034302,0.681719958782196,0.5701870918273926,0.6837918758392334
98,0.5734912753105164,0.6820023059844971,0.5694628953933716,0.6843498349189758
99,0.5747284293174744,0.6815981268882751,0.5705491900444031,0.6829362511634827
100,0.5742305517196655,0.6813820004463196,0.5688593983650208,0.6830244064331055
101,0.5748792886734009,0.6812790036201477,0.5688593983650208,0.6831272840499878
102,0.5747736692428589,0.6811755895614624,0.5672903060913086,0.683173656463623
103,0.5753470063209534,0.6810745596885681,0.5688593983650208,0.6852978467941284
104,0.5741249322891235,0.6812043190002441,0.5706698894500732,0.6850446462631226
105,0.5750754475593567,0.6808914542198181,0.5704284906387329,0.6831448674201965
106,0.5753620862960815,0.6808127760887146,0.5692214965820312,0.6832664608955383
107,0.575211226940155,0.6807575821876526,0.5695835947990417,0.6826200485229492
108,0.5741852521896362,0.680678129196167,0.5695835947990417,0.6829541921615601
109,0.5766143798828125,0.6806199550628662,0.5694628953933716,0.6828987002372742
110,0.5744115710258484,0.6807278990745544,0.5716354846954346,0.6825230717658997
111,0.5745775699615479,0.6806246638298035,0.5688593983650208,0.6823537945747375
112,0.5740947723388672,0.6806464791297913,0.5694628953933716,0.6831006407737732
113,0.573974072933197,0.6805499792098999,0.5716354846954346,0.6835957169532776
114,0.57561856508255,0.6804165244102478,0.5680145025253296,0.6824857592582703
115,0.575211226940155,0.6803275346755981,0.5703077912330627,0.6829491853713989
116,0.5749094486236572,0.6803821921348572,0.5676524043083191,0.6823486685752869
117,0.5758901834487915,0.6802476644515991,0.5712733864784241,0.6826639771461487
118,0.5750301480293274,0.6801868677139282,0.5704284906387329,0.6825710535049438
119,0.5749245882034302,0.6801944971084595,0.5715147852897644,0.6823880076408386
120,0.5749396681785583,0.6802842020988464,0.5687386989593506,0.6831467151641846
121,0.5743964910507202,0.6802477836608887,0.5636692643165588,0.6851020455360413
122,0.5743361711502075,0.6800617575645447,0.5711526870727539,0.6828485727310181
123,0.5753319263458252,0.6800466775894165,0.5700663924217224,0.682766318321228
124,0.574592649936676,0.6799934506416321,0.5687386989593506,0.6827149987220764
125,0.5754375457763672,0.6800456047058105,0.5707905888557434,0.6830835342407227
126,0.575935423374176,0.6798226833343506,0.5716354846954346,0.6828755736351013
127,0.576357901096344,0.6797730326652527,0.5705491900444031,0.682878315448761
128,0.575724184513092,0.6798723936080933,0.5703077912330627,0.6825150847434998
129,0.5755129456520081,0.6796746850013733,0.5705491900444031,0.6826488971710205
130,0.5758448839187622,0.6798111200332642,0.5709112882614136,0.6825552582740784
131,0.575633704662323,0.6796671152114868,0.5715147852897644,0.6825000643730164
132,0.5759806632995605,0.6796753406524658,0.5715147852897644,0.6824820637702942
133,0.575724184513092,0.6797471642494202,0.5707905888557434,0.682461678981781
134,0.5760561227798462,0.6797056198120117,0.5698249936103821,0.6824779510498047
135,0.5751508474349976,0.6797406673431396,0.5707905888557434,0.6827247738838196
136,0.5761617422103882,0.6797332167625427,0.5701870918273926,0.6827278733253479
0,0.5389257669448853,1.2419379949569702,0.4929390549659729,1.4284580945968628
1,0.564106822013855,0.7622272372245789,0.5368738770484924,0.8399994373321533
2,0.5599275827407837,0.7584725022315979,0.5130959749221802,0.8098998069763184
3,0.5619191527366638,0.7520346641540527,0.515872061252594,0.8094194531440735
4,0.5636541843414307,0.7469015121459961,0.560168981552124,0.7499135136604309
5,0.5645292401313782,0.7436933517456055,0.5231140851974487,0.750501811504364
6,0.5632015466690063,0.7404800057411194,0.49909475445747375,0.7649021148681641
7,0.5624321103096008,0.7378017902374268,0.5328907370567322,0.7383543848991394
8,0.5653741955757141,0.73203045129776,0.5658418536186218,0.737056314945221
9,0.5622057914733887,0.7304448485374451,0.5628243684768677,0.7336599826812744
10,0.5618587732315063,0.7289366722106934,0.5613759756088257,0.7272283434867859
11,0.561406135559082,0.7264814972877502,0.5583584904670715,0.9693858623504639
12,0.5594749450683594,0.7240588665008545,0.5240796804428101,0.7463549971580505
13,0.5628847479820251,0.7203287482261658,0.55727219581604,0.7207037806510925
14,0.5624170303344727,0.7191213965415955,0.5583584904670715,0.7195261716842651
15,0.5595654845237732,0.7185369729995728,0.5648762583732605,0.7149418592453003
16,0.5597767233848572,0.7156605124473572,0.5168376564979553,0.7595983147621155
17,0.5623868703842163,0.7122458815574646,0.5365117788314819,0.7177084684371948
18,0.5573475956916809,0.7146098017692566,0.5314423441886902,0.7214443683624268
19,0.5566233992576599,0.712660014629364,0.5664454102516174,0.7058624625205994
20,0.5603953003883362,0.7093440890312195,0.5656004548072815,0.7044070959091187
21,0.5561859011650085,0.7121399641036987,0.5598068833351135,0.7351469993591309
22,0.5637598037719727,0.7053229808807373,0.5573928952217102,0.7038183212280273
23,0.5653892755508423,0.7017261385917664,0.5666868090629578,0.7000203728675842
24,0.5618135333061218,0.7026634812355042,0.5643934607505798,0.7022936344146729
25,0.562764048576355,0.7024093866348267,0.5646348595619202,0.712422788143158
26,0.5603047609329224,0.7023190855979919,0.5629450678825378,0.7085983157157898
27,0.5606366991996765,0.7002654075622559,0.5646348595619202,0.7051176428794861
28,0.5543602705001831,0.7018715739250183,0.560893177986145,0.7131572365760803
29,0.5640766620635986,0.6966823935508728,0.5697042942047119,0.6921698451042175
30,0.5695534348487854,0.6941199898719788,0.5680145025253296,0.6919984221458435
31,0.5662492513656616,0.6939089894294739,0.565238356590271,0.6942991614341736
32,0.5659022331237793,0.693247377872467,0.5684973001480103,0.697384774684906
33,0.5666868090629578,0.6929221153259277,0.5653590559959412,0.6942583322525024
34,0.5676373243331909,0.6922593116760254,0.5197344422340393,0.7097041606903076
35,0.5672600865364075,0.6927211284637451,0.56451416015625,0.6963390707969666
36,0.5689046382904053,0.6912780404090881,0.5700663924217224,0.6892229318618774
37,0.5687386989593506,0.6903122067451477,0.5689800977706909,0.6897613406181335
38,0.5666415095329285,0.6903634667396545,0.5710319876670837,0.6945704817771912
39,0.5665661096572876,0.6899859309196472,0.5456849932670593,0.7060253620147705
40,0.5665661096572876,0.6899425387382507,0.5682559013366699,0.6894810795783997
41,0.5655702948570251,0.6895344853401184,0.5697042942047119,0.6902226209640503
42,0.5692968964576721,0.6881924271583557,0.5706698894500732,0.6892780661582947
43,0.5705341100692749,0.6876925826072693,0.5628243684768677,0.6906407475471497
44,0.5698099136352539,0.6876742243766785,0.5689800977706909,0.6884623169898987
45,0.5702172517776489,0.6875222325325012,0.5739287734031677,0.6871330738067627
46,0.5701870918273926,0.687371551990509,0.5578756928443909,0.6922580599784851
47,0.5717260241508484,0.6871419548988342,0.5699456930160522,0.6870096325874329
48,0.5685877799987793,0.6875364184379578,0.5728424787521362,0.6870366334915161
49,0.5687839388847351,0.6874766945838928,0.5675317049026489,0.6901691555976868
50,0.5699306130409241,0.6866835951805115,0.5688593983650208,0.6871845126152039
51,0.5700663924217224,0.686806321144104,0.5721182823181152,0.6868688464164734
52,0.5707302093505859,0.6863539218902588,0.5704284906387329,0.6866141557693481
53,0.5710772275924683,0.6863334774971008,0.5715147852897644,0.6854375004768372
54,0.5698099136352539,0.6863706707954407,0.5692214965820312,0.6870370507240295
55,0.5670639872550964,0.6874400973320007,0.5713940858840942,0.6932642459869385
56,0.5697344541549683,0.6858274340629578,0.5721182823181152,0.685529351234436
57,0.5701418519020081,0.685825765132904,0.5489438772201538,0.6910398006439209
58,0.5712583065032959,0.6854492425918579,0.5703077912330627,0.6869105696678162
59,0.5704435706138611,0.6852081418037415,0.5723596811294556,0.6854045391082764
60,0.5716354846954346,0.6848431825637817,0.5717561841011047,0.684890627861023
61,0.5714091658592224,0.6848201751708984,0.5729631781578064,0.6847036480903625
62,0.5710470676422119,0.6846408247947693,0.5706698894500732,0.684834897518158
63,0.5704586505889893,0.6846194863319397,0.5704284906387329,0.6853383779525757
64,0.5712281465530396,0.6843199133872986,0.5710319876670837,0.6860608458518982
65,0.5718316435813904,0.6841462254524231,0.5694628953933716,0.6863622069358826
66,0.5713488459587097,0.6843207478523254,0.5700663924217224,0.6855153441429138
67,0.5724653005599976,0.683737576007843,0.5701870918273926,0.6854786276817322
68,0.5711225271224976,0.6838095188140869,0.5718768835067749,0.6847641468048096
69,0.5714393258094788,0.6835809946060181,0.5710319876670837,0.6847691535949707
70,0.5731140375137329,0.6834179162979126,0.5716354846954346,0.6846979856491089
71,0.5713035464286804,0.6835368871688843,0.5704284906387329,0.6845491528511047
72,0.5710018277168274,0.6834366917610168,0.5711526870727539,0.6846887469291687
73,0.5717863440513611,0.6831753849983215,0.5689800977706909,0.685214102268219
74,0.5729480981826782,0.683163583278656,0.5733252763748169,0.6839107275009155
75,0.5715147852897644,0.6833500862121582,0.5747736692428589,0.6838952302932739
76,0.5720277428627014,0.6830631494522095,0.5724803805351257,0.684817373752594
77,0.5715600252151489,0.6831281185150146,0.5717561841011047,0.6848278641700745
78,0.5713186264038086,0.6831436157226562,0.5640313625335693,0.6866125464439392
79,0.5727368593215942,0.6827884316444397,0.5764634609222412,0.6837708950042725
80,0.5726010799407959,0.6827841997146606,0.5746529698371887,0.6836007833480835
81,0.5715751647949219,0.6829184293746948,0.5713940858840942,0.6838024258613586
82,0.5723446011543274,0.6828600168228149,0.5764634609222412,0.6830865144729614
83,0.5722239017486572,0.6826968193054199,0.5754978656768799,0.6844179630279541
84,0.5713639259338379,0.6826240420341492,0.5733252763748169,0.6833391189575195
85,0.5720126628875732,0.6825276613235474,0.5727217793464661,0.6847402453422546
86,0.5713639259338379,0.682567298412323,0.5727217793464661,0.6832267045974731
87,0.5714695453643799,0.6823732256889343,0.5678938031196594,0.6846097707748413
88,0.5731593370437622,0.6821881532669067,0.5734459757804871,0.6835296750068665
89,0.573144257068634,0.6819925904273987,0.5698249936103821,0.6845082640647888
90,0.5713790059089661,0.682179868221283,0.5722389817237854,0.6832484006881714
91,0.5737024545669556,0.6821032762527466,0.5735666751861572,0.6836119294166565
92,0.5721937417984009,0.6820597052574158,0.5699456930160522,0.6830959916114807
93,0.5727821588516235,0.681901752948761,0.5746529698371887,0.6830337643623352
94,0.5718014240264893,0.6817511916160583,0.5745322704315186,0.6828657388687134
95,0.5721032023429871,0.681768000125885,0.5736873745918274,0.6831524968147278
96,0.5732649564743042,0.6817483305931091,0.5730838775634766,0.6832903027534485
97,0.57293301820755,0.6817947030067444,0.5715147852897644,0.6830049753189087
98,0.5738533735275269,0.6816126704216003,0.5706698894500732,0.682830810546875
99,0.5721333622932434,0.6816223859786987,0.5724803805351257,0.6828890442848206
100,0.573144257068634,0.6817811727523804,0.57561856508255,0.683222234249115
101,0.573249876499176,0.6814823150634766,0.5724803805351257,0.6829932332038879
102,0.5732800364494324,0.6815837621688843,0.5723596811294556,0.6829805374145508
103,0.5731744170188904,0.6815270781517029,0.5694628953933716,0.6828128695487976
104,0.573551595211029,0.681513249874115,0.5733252763748169,0.6829562783241272
105,0.5732045769691467,0.6814547777175903,0.5747736692428589,0.682593584060669
106,0.5731894969940186,0.6815347075462341,0.5729631781578064,0.682656466960907
107,0.5721635222434998,0.6813377737998962,0.574894368648529,0.6825612783432007
108,0.5732649564743042,0.6813520789146423,0.5739287734031677,0.6826143264770508
109,0.5728123188018799,0.6812799572944641,0.5710319876670837,0.6829301118850708
110,0.5745775699615479,0.6814584136009216,0.5713940858840942,0.6828927993774414
111,0.5726312398910522,0.6812193989753723,0.5711526870727539,0.6824313402175903
112,0.5749849081039429,0.6812344789505005,0.5742908716201782,0.6826457977294922
113,0.5737326741218567,0.6812928318977356,0.5759806632995605,0.6822561621665955
114,0.5738835334777832,0.6811646819114685,0.5746529698371887,0.6823370456695557
115,0.5736421346664429,0.6811109185218811,0.5733252763748169,0.6832135319709778
116,0.5737929940223694,0.6811609864234924,0.574894368648529,0.6829420924186707
117,0.5734912753105164,0.6809689402580261,0.5754978656768799,0.682159423828125
118,0.5742456316947937,0.6809352040290833,0.5751357674598694,0.6821088790893555
119,0.5733101963996887,0.6810095906257629,0.5726010799407959,0.6823839545249939
120,0.5734308958053589,0.680900514125824,0.5751357674598694,0.682157039642334
121,0.5742908716201782,0.6807959675788879,0.5738080739974976,0.6819044351577759
122,0.5743210911750793,0.6807735562324524,0.5745322704315186,0.6824313998222351
123,0.5735365152359009,0.6806476712226868,0.5734459757804871,0.6821466684341431
124,0.5738986134529114,0.6807454228401184,0.5713940858840942,0.6828137636184692
125,0.5742003917694092,0.6806007027626038,0.5741701722145081,0.6824017763137817
126,0.5743964910507202,0.6806029081344604,0.5746529698371887,0.6817920804023743
127,0.5745775699615479,0.6804635524749756,0.5736873745918274,0.6821724772453308
128,0.5735063552856445,0.6804555058479309,0.5742908716201782,0.6818629503250122
129,0.5740042328834534,0.6805570125579834,0.5735666751861572,0.6820235252380371
130,0.5732347369194031,0.6805134415626526,0.5745322704315186,0.6814546585083008
131,0.5731593370437622,0.6805575489997864,0.5767048597335815,0.6817914843559265
132,0.5734761357307434,0.6802508234977722,0.5767048597335815,0.6815977692604065
133,0.5732347369194031,0.680304765701294,0.5759806632995605,0.6816080808639526
134,0.5738533735275269,0.6803849935531616,0.5701870918273926,0.6823618412017822
135,0.5741550922393799,0.6801877617835999,0.5694628953933716,0.6820946931838989
136,0.5736722946166992,0.6801163554191589,0.5727217793464661,0.6814873814582825
137,0.5741098523139954,0.680077314376831,0.5744115710258484,0.6809274554252625
138,0.5733101963996887,0.6800443530082703,0.5739287734031677,0.6809264421463013
139,0.5740193128585815,0.6801158785820007,0.5739287734031677,0.6811673045158386
140,0.5745624899864197,0.6799231767654419,0.5746529698371887,0.6809045672416687
141,0.5738231539726257,0.6799870133399963,0.5730838775634766,0.6810005307197571
142,0.573551595211029,0.6799484491348267,0.5736873745918274,0.6807399988174438
143,0.5742607116699219,0.6799147725105286,0.5744115710258484,0.6808103322982788
144,0.5741098523139954,0.6798670887947083,0.5753771662712097,0.6808174252510071
145,0.5738533735275269,0.6797833442687988,0.5751357674598694,0.6809574365615845
146,0.5740947723388672,0.6798985600471497,0.5740494728088379,0.6808637380599976
147,0.5737929940223694,0.6798809170722961,0.5740494728088379,0.6812211871147156
148,0.573868453502655,0.6796767115592957,0.5746529698371887,0.6807760000228882
149,0.5738835334777832,0.6797453165054321,0.5754978656768799,0.6810275316238403
150,0.5740042328834534,0.6796665787696838,0.5751357674598694,0.6807527542114258
151,0.5733252763748169,0.6797291040420532,0.5736873745918274,0.6807006001472473
152,0.5738382339477539,0.679608941078186,0.5742908716201782,0.6806862950325012
153,0.5734007358551025,0.679607629776001,0.5746529698371887,0.6806449890136719
154,0.5738986134529114,0.6796476244926453,0.5735666751861572,0.6805971264839172
155,0.5743210911750793,0.6796475052833557,0.57561856508255,0.6807183623313904
156,0.5738080739974976,0.6796157360076904,0.5753771662712097,0.680749773979187
157,0.5743964910507202,0.6795347332954407,0.5746529698371887,0.6806504726409912
158,0.5736722946166992,0.6795385479927063,0.5752564668655396,0.6807332634925842
159,0.5733403563499451,0.6796338558197021,0.5747736692428589,0.6810529828071594
160,0.5739136934280396,0.6796366572380066,0.574894368648529,0.6808503270149231
161,0.5743964910507202,0.679416835308075,0.5758599638938904,0.6806885600090027
162,0.5745171904563904,0.6795049905776978,0.574894368648529,0.6806816458702087
163,0.5738231539726257,0.6795325875282288,0.5750150680541992,0.6806868314743042
164,0.573657214641571,0.6795175671577454,0.5741701722145081,0.680650532245636
165,0.5747133493423462,0.6794629096984863,0.5754978656768799,0.6806991100311279
166,0.5746831893920898,0.6794136762619019,0.5752564668655396,0.680743396282196
167,0.5733403563499451,0.6794313192367554,0.5752564668655396,0.6806938648223877
168,0.5739136934280396,0.6794743537902832,0.574894368648529,0.6806624531745911
169,0.5732951164245605,0.6793993711471558,0.5746529698371887,0.6806526184082031
170,0.5746529698371887,0.679311215877533,0.5751357674598694,0.6806677579879761
171,0.5746378898620605,0.6794686913490295,0.5747736692428589,0.6806860566139221
172,0.5740947723388672,0.679446816444397,0.5750150680541992,0.6806904673576355
173,0.5744417905807495,0.6794337034225464,0.5750150680541992,0.6806895136833191
174,0.5740343928337097,0.6794577836990356,0.5752564668655396,0.6807042956352234
0,0.5389710068702698,1.2884865999221802,0.5069402456283569,0.9679713845252991
1,0.5624019503593445,0.7631852626800537,0.5360289812088013,1.0834513902664185
2,0.5588412880897522,0.7591446042060852,0.5407362580299377,1.0008589029312134
3,0.5599275827407837,0.753585159778595,0.5571514964103699,0.7744932770729065
4,0.5599275827407837,0.7490106821060181,0.559444785118103,0.7808138728141785
5,0.5605159997940063,0.7462403178215027,0.5560652017593384,0.7904334664344788
6,0.5646952390670776,0.7412809133529663,0.561617374420166,0.7411150932312012
7,0.5618135333061218,0.7381392121315002,0.5417018532752991,0.743200957775116
8,0.5607724785804749,0.7357388138771057,0.5528062582015991,0.7359943389892578
9,0.5651176571846008,0.7321542501449585,0.561617374420166,0.7280244827270508
10,0.5619191527366638,0.7296298742294312,0.5669282078742981,0.7293177843093872
11,0.5640917420387268,0.7273567914962769,0.5592033863067627,0.7245107889175415
12,0.562341570854187,0.7251632809638977,0.560168981552124,0.9448677897453308
13,0.5634127855300903,0.7215420007705688,0.5296318531036377,0.7287468314170837
14,0.56369948387146,0.7198427319526672,0.5611345767974854,0.7276480197906494
15,0.5604707598686218,0.720357358455658,0.52021723985672,0.7547838687896729
16,0.5631110668182373,0.7159501910209656,0.5699456930160522,0.7103887796401978
17,0.559656023979187,0.7166338562965393,0.5091128349304199,0.7934765219688416
18,0.5603953003883362,0.7135130167007446,0.5628243684768677,0.7141311764717102
19,0.5612854361534119,0.710948646068573,0.5606517791748047,0.708836019039154
20,0.5645745396614075,0.7087175846099854,0.5103198289871216,0.7244559526443481
21,0.5609837174415588,0.708601176738739,0.5629450678825378,0.71433424949646
22,0.5650271773338318,0.7059955596923828,0.5199758410453796,0.7227153182029724
23,0.5580717921257019,0.7076564431190491,0.565238356590271,0.7004480957984924
24,0.5636541843414307,0.703209400177002,0.5604103803634644,0.7050252556800842
25,0.5604103803634644,0.703280508518219,0.5653590559959412,0.7021036744117737
26,0.5600181221961975,0.7037031054496765,0.49764636158943176,0.8177880048751831
27,0.5633675456047058,0.7019636631011963,0.49318045377731323,0.7324931621551514
28,0.5607423186302185,0.7015526294708252,0.5617380738258362,0.6980803608894348
29,0.5598370432853699,0.700268566608429,0.5643934607505798,0.696488082408905
30,0.5657211542129517,0.6966437101364136,0.5649969577789307,0.6936442255973816
31,0.566068172454834,0.6954584121704102,0.5581170916557312,0.7000798583030701
32,0.5657815337181091,0.6942502856254578,0.5563066005706787,1.192022442817688
33,0.5575135946273804,0.6974887847900391,0.5641520619392395,0.709025502204895
34,0.5588412880897522,0.6960761547088623,0.5648762583732605,0.6999663710594177
35,0.5612854361534119,0.6936482191085815,0.5435123443603516,0.6941964626312256
36,0.5628998279571533,0.6921985149383545,0.5602896809577942,0.6902874112129211
37,0.5662492513656616,0.6905727982521057,0.550512969493866,0.699707567691803
38,0.5661436319351196,0.6909170150756836,0.5682559013366699,0.688032329082489
39,0.5662492513656616,0.6898149251937866,0.5208207368850708,0.7057796120643616
40,0.5677127242088318,0.689364492893219,0.5672903060913086,0.6938315033912659
41,0.5666565895080566,0.6888741254806519,0.5530476570129395,0.6936222910881042
42,0.5682106018066406,0.6878334283828735,0.5366324782371521,0.700179934501648
43,0.5654194355010986,0.6886264085769653,0.5660833120346069,0.6916733384132385
44,0.5670186877250671,0.68729168176651,0.5622208714485168,0.6878436803817749
45,0.5663548707962036,0.6878048777580261,0.5671696066856384,0.6884350180625916
46,0.5687085390090942,0.6868950128555298,0.5674110054969788,0.6857779026031494
47,0.5679842829704285,0.6858580708503723,0.5585998892784119,0.6884324550628662
48,0.5683162212371826,0.685321569442749,0.5499094724655151,0.6912225484848022
49,0.5684822201728821,0.6851301193237305,0.5666868090629578,0.6838151216506958
50,0.5703983306884766,0.6848746538162231,0.5697042942047119,0.6902642846107483
51,0.563277006149292,0.6871623396873474,0.560168981552124,0.6879523992538452
52,0.5676674842834473,0.6850163340568542,0.5691007971763611,0.6902974843978882
53,0.5663699507713318,0.6856830716133118,0.5649969577789307,0.6890048980712891
54,0.5665208101272583,0.6855943202972412,0.5326493382453918,0.6931197047233582
55,0.5706246495246887,0.6837948560714722,0.5699456930160522,0.6831542253494263
56,0.5695534348487854,0.6838416457176208,0.5584791898727417,0.6860965490341187
57,0.5692064166069031,0.6836271286010742,0.5656004548072815,0.6840895414352417
58,0.5699758529663086,0.6831164360046387,0.5657211542129517,0.6846198439598083
59,0.5698099136352539,0.6837958693504333,0.54616779088974,0.6901529431343079
60,0.5691460371017456,0.6832107901573181,0.5751357674598694,0.6821441054344177
61,0.5704435706138611,0.6829957365989685,0.5474954843521118,0.6878708004951477
62,0.5690253376960754,0.682927131652832,0.5717561841011047,0.6811097264289856
63,0.5708962082862854,0.6829684972763062,0.5662040114402771,0.6823130249977112
64,0.5708358287811279,0.6825541853904724,0.5068195462226868,0.7019270062446594
65,0.5705793499946594,0.682868242263794,0.5712733864784241,0.6806904673576355
66,0.5698400735855103,0.6828370690345764,0.5659626126289368,0.6842648983001709
67,0.5715600252151489,0.6821277737617493,0.5523234605789185,0.6883493661880493
68,0.5702323317527771,0.6824038624763489,0.5657211542129517,0.6846950054168701
69,0.5711074471473694,0.6820910573005676,0.5629450678825378,0.6946396827697754
70,0.5713940858840942,0.6821162104606628,0.5614966750144958,0.6860107779502869
71,0.5707604289054871,0.6817868947982788,0.5684973001480103,0.6810534596443176
72,0.5721635222434998,0.6813957691192627,0.5660833120346069,0.6826364994049072
73,0.5710621476173401,0.6814392805099487,0.5689800977706909,0.6827524900436401
74,0.5711376070976257,0.6814800500869751,0.5761013627052307,0.6792778968811035
75,0.5703077912330627,0.6816055774688721,0.5723596811294556,0.6808066368103027
76,0.5724803805351257,0.6811491250991821,0.5675317049026489,0.6820489764213562
77,0.5716354846954346,0.6815167665481567,0.5707905888557434,0.6826840043067932
78,0.5722993612289429,0.6815226674079895,0.5693421959877014,0.6889678835868835
79,0.5707000494003296,0.6813779473304749,0.5738080739974976,0.6843225359916687
80,0.5725105404853821,0.6808831691741943,0.5767048597335815,0.6802496314048767
81,0.5727066993713379,0.6807155013084412,0.5751357674598694,0.6803066730499268
82,0.5722842216491699,0.6806762218475342,0.5700663924217224,0.6811382174491882
83,0.5713337063789368,0.680711030960083,0.57561856508255,0.6799317002296448
84,0.5712432265281677,0.680588960647583,0.5701870918273926,0.6810883283615112
85,0.5717561841011047,0.6806685328483582,0.5736873745918274,0.6792853474617004
86,0.5713790059089661,0.6806383728981018,0.5746529698371887,0.6793804168701172
87,0.5717712640762329,0.680523157119751,0.5726010799407959,0.6801797151565552
88,0.5714997053146362,0.6804417967796326,0.5719975829124451,0.6800323128700256
89,0.5715751647949219,0.6803909540176392,0.5721182823181152,0.6797191500663757
90,0.5721484422683716,0.6803086996078491,0.5726010799407959,0.6795703172683716
91,0.5718919634819031,0.680340051651001,0.5741701722145081,0.6794607639312744
92,0.5722691416740417,0.680233359336853,0.574894368648529,0.6797561645507812
93,0.5728123188018799,0.6802980899810791,0.5717561841011047,0.6799193620681763
94,0.5731894969940186,0.6802247166633606,0.5734459757804871,0.6796562075614929
95,0.5717260241508484,0.6802616715431213,0.5744115710258484,0.6793572902679443
96,0.5722540616989136,0.6802313923835754,0.5746529698371887,0.6792597770690918
97,0.5716204047203064,0.6803061366081238,0.5741701722145081,0.6794913411140442
98,0.5717260241508484,0.6801914572715759,0.5745322704315186,0.679385781288147
99,0.5721635222434998,0.6801680326461792,0.5752564668655396,0.6798529624938965
100,0.5726463198661804,0.6802414655685425,0.5733252763748169,0.679532527923584
101,0.5724954605102539,0.6801214218139648,0.5726010799407959,0.680513322353363
102,0.5721635222434998,0.6801908016204834,0.5739287734031677,0.6794403195381165
103,0.5719975829124451,0.6801718473434448,0.5734459757804871,0.6793665289878845
104,0.5726463198661804,0.6801400184631348,0.5735666751861572,0.6793422698974609
105,0.5729782581329346,0.6801015138626099,0.5733252763748169,0.6794028282165527
106,0.5716505646705627,0.6801579594612122,0.5761013627052307,0.6796745657920837
107,0.5728273987770081,0.6800764203071594,0.5740494728088379,0.6793727278709412
108,0.5724803805351257,0.6801100969314575,0.5741701722145081,0.6794381141662598
109,0.5728273987770081,0.6799997687339783,0.5742908716201782,0.6793462634086609
110,0.5725105404853821,0.6799684166908264,0.5738080739974976,0.6794493198394775
111,0.5729933381080627,0.6800702214241028,0.5735666751861572,0.6793572902679443
112,0.5724351406097412,0.680066704750061,0.5739287734031677,0.6793451905250549
113,0.5725105404853821,0.6800711750984192,0.5736873745918274,0.6793166995048523
114,0.5726916193962097,0.6799957156181335,0.5735666751861572,0.6793326735496521
115,0.5726312398910522,0.680039644241333,0.5735666751861572,0.6793593764305115
116,0.5727368593215942,0.6800698637962341,0.5741701722145081,0.6793038249015808
117,0.5722239017486572,0.6800090074539185,0.5744115710258484,0.679302990436554
118,0.5728273987770081,0.67998868227005,0.5739287734031677,0.679309070110321
119,0.5727066993713379,0.680072546005249,0.5738080739974976,0.6793593168258667
120,0.5725709199905396,0.6800267696380615,0.5741701722145081,0.6793293952941895
121,0.5723747611045837,0.6800104975700378,0.5735666751861572,0.6793597340583801
122,0.5719825029373169,0.6800408959388733,0.5733252763748169,0.6793460249900818
123,0.5722540616989136,0.680078387260437,0.5734459757804871,0.6793486475944519
124,0.5722540616989136,0.6800348162651062,0.5736873745918274,0.6793562769889832
125,0.5722993612289429,0.6800221800804138,0.5736873745918274,0.6793286800384521
126,0.5726312398910522,0.6800145506858826,0.5736873745918274,0.6793337464332581
127,0.5724653005599976,0.6799536347389221,0.5736873745918274,0.679337739944458
128,0.5725407600402832,0.6800367832183838,0.5736873745918274,0.6793431639671326
129,0.5730838775634766,0.6799939274787903,0.5735666751861572,0.6793289184570312
130,0.5731140375137329,0.6799039840698242,0.5735666751861572,0.6793387532234192
131,0.5719975829124451,0.6800705194473267,0.5738080739974976,0.679324209690094
132,0.5732196569442749,0.679988443851471,0.5736873745918274,0.6793330907821655
133,0.5726312398910522,0.6800017356872559,0.5736873745918274,0.6793339252471924
134,0.5730084776878357,0.6799054741859436,0.5736873745918274,0.679333508014679
135,0.5722540616989136,0.6800762414932251,0.5738080739974976,0.679331362247467
136,0.5724954605102539,0.6800410747528076,0.5738080739974976,0.6793316602706909
137,0.5726916193962097,0.680077075958252,0.5734459757804871,0.6793338656425476
138,0.572208821773529,0.6800210475921631,0.5735666751861572,0.6793308854103088
139,0.5721786618232727,0.6800310015678406,0.5735666751861572,0.6793287396430969
140,0.5724502205848694,0.6798809170722961,0.5735666751861572,0.6793344020843506
141,0.5724502205848694,0.6800270080566406,0.5735666751861572,0.6793352961540222
142,0.5725709199905396,0.679957926273346,0.5736873745918274,0.6793349981307983
143,0.5717260241508484,0.680039644241333,0.5738080739974976,0.6793347597122192
144,0.5722993612289429,0.6800176501274109,0.5735666751861572,0.6793345212936401
145,0.5726614594459534,0.6800302267074585,0.5735666751861572,0.6793311238288879
146,0.5720126628875732,0.680014967918396,0.5736873745918274,0.6793338060379028
